[debug] [2024-06-16T18:58:29.041Z] ----------------------------------------------------------------------
[debug] [2024-06-16T18:58:29.046Z] Command:       /usr/local/bin/node /usr/local/bin/firebase deploy
[debug] [2024-06-16T18:58:29.046Z] CLI Version:   13.11.2
[debug] [2024-06-16T18:58:29.047Z] Platform:      linux
[debug] [2024-06-16T18:58:29.047Z] Node Version:  v22.2.0
[debug] [2024-06-16T18:58:29.048Z] Time:          Sun Jun 16 2024 19:58:29 GMT+0100 (GMT+01:00)
[debug] [2024-06-16T18:58:29.048Z] ----------------------------------------------------------------------
[debug] 
[debug] [2024-06-16T18:58:29.496Z] > command requires scopes: ["email","openid","https://www.googleapis.com/auth/cloudplatformprojects.readonly","https://www.googleapis.com/auth/firebase","https://www.googleapis.com/auth/cloud-platform"]
[debug] [2024-06-16T18:58:29.497Z] > authorizing via signed-in user (sifeddinehadi22@gmail.com)
[debug] [2024-06-16T18:58:29.497Z] [iam] checking project linkedin-clone-1ae69 for permissions ["firebase.projects.get","firebasehosting.sites.update"]
[debug] [2024-06-16T18:58:29.510Z] >>> [apiv2][query] POST https://cloudresourcemanager.googleapis.com/v1/projects/linkedin-clone-1ae69:testIamPermissions [none]
[debug] [2024-06-16T18:58:29.511Z] >>> [apiv2][(partial)header] POST https://cloudresourcemanager.googleapis.com/v1/projects/linkedin-clone-1ae69:testIamPermissions x-goog-quota-user=projects/linkedin-clone-1ae69
[debug] [2024-06-16T18:58:29.511Z] >>> [apiv2][body] POST https://cloudresourcemanager.googleapis.com/v1/projects/linkedin-clone-1ae69:testIamPermissions {"permissions":["firebase.projects.get","firebasehosting.sites.update"]}
[debug] [2024-06-16T18:58:30.430Z] <<< [apiv2][status] POST https://cloudresourcemanager.googleapis.com/v1/projects/linkedin-clone-1ae69:testIamPermissions 200
[debug] [2024-06-16T18:58:30.430Z] <<< [apiv2][body] POST https://cloudresourcemanager.googleapis.com/v1/projects/linkedin-clone-1ae69:testIamPermissions {"permissions":["firebase.projects.get","firebasehosting.sites.update"]}
[debug] [2024-06-16T18:58:30.431Z] >>> [apiv2][query] GET https://firebase.googleapis.com/v1beta1/projects/linkedin-clone-1ae69 [none]
[debug] [2024-06-16T18:58:30.789Z] <<< [apiv2][status] GET https://firebase.googleapis.com/v1beta1/projects/linkedin-clone-1ae69 200
[debug] [2024-06-16T18:58:30.789Z] <<< [apiv2][body] GET https://firebase.googleapis.com/v1beta1/projects/linkedin-clone-1ae69 {"projectId":"linkedin-clone-1ae69","projectNumber":"186104763354","displayName":"linkedin-clone","name":"projects/linkedin-clone-1ae69","resources":{"hostingSite":"linkedin-clone-1ae69"},"state":"ACTIVE","etag":"1_665af995-974d-4486-a79d-627e16c43faa"}
[info] 
[info] === Deploying to 'linkedin-clone-1ae69'...
[info] 
[info] i  deploying hosting 
[debug] [2024-06-16T18:58:30.800Z] >>> [apiv2][query] POST https://firebasehosting.googleapis.com/v1beta1/projects/-/sites/linkedin-clone-1ae69/versions [none]
[debug] [2024-06-16T18:58:30.801Z] >>> [apiv2][body] POST https://firebasehosting.googleapis.com/v1beta1/projects/-/sites/linkedin-clone-1ae69/versions {"status":"CREATED","labels":{"deployment-tool":"cli-firebase"}}
